{"C:\\Users\\deand\\Documents\\GitHub\\Node\\index.js": {"path":"C:\\Users\\deand\\Documents\\GitHub\\Node\\index.js","statementMap":{"0":{"start":{"line":13,"column":17},"end":{"line":13,"column":26}},"1":{"start":{"line":14,"column":0},"end":{"line":36,"column":3}},"2":{"start":{"line":18,"column":8},"end":{"line":18,"column":23}},"3":{"start":{"line":19,"column":2},"end":{"line":26,"column":6}},"4":{"start":{"line":27,"column":2},"end":{"line":27,"column":33}},"5":{"start":{"line":28,"column":2},"end":{"line":28,"column":30}},"6":{"start":{"line":29,"column":2},"end":{"line":29,"column":31}},"7":{"start":{"line":30,"column":2},"end":{"line":30,"column":29}},"8":{"start":{"line":31,"column":2},"end":{"line":31,"column":30}},"9":{"start":{"line":32,"column":2},"end":{"line":32,"column":29}},"10":{"start":{"line":33,"column":2},"end":{"line":35,"column":4}},"11":{"start":{"line":34,"column":3},"end":{"line":34,"column":37}}},"fnMap":{"0":{"name":"(anonymous_0)","decl":{"start":{"line":15,"column":7},"end":{"line":15,"column":8}},"loc":{"start":{"line":15,"column":13},"end":{"line":36,"column":2}},"line":15},"1":{"name":"(anonymous_1)","decl":{"start":{"line":33,"column":19},"end":{"line":33,"column":20}},"loc":{"start":{"line":33,"column":25},"end":{"line":35,"column":3}},"line":33}},"branchMap":{},"s":{"0":1,"1":1,"2":0,"3":0,"4":0,"5":0,"6":0,"7":0,"8":0,"9":0,"10":0,"11":0},"f":{"0":0,"1":0},"b":{},"_coverageSchema":"1a1c01bbd47fc00a2c39e90264f33305004495a9","hash":"952e790fc384a1938fa22bf751baa9977fb07c5e"}
,"C:\\Users\\deand\\Documents\\GitHub\\Node\\uploads.js": {"path":"C:\\Users\\deand\\Documents\\GitHub\\Node\\uploads.js","statementMap":{"0":{"start":{"line":3,"column":0},"end":{"line":8,"column":2}}},"fnMap":{},"branchMap":{},"s":{"0":1},"f":{},"b":{},"_coverageSchema":"1a1c01bbd47fc00a2c39e90264f33305004495a9","hash":"21b869033865d1862fdd637529ef27ab55d92dad"}
,"C:\\Users\\deand\\Documents\\GitHub\\Node\\config\\passport.js": {"path":"C:\\Users\\deand\\Documents\\GitHub\\Node\\config\\passport.js","statementMap":{"0":{"start":{"line":4,"column":20},"end":{"line":4,"column":42}},"1":{"start":{"line":8,"column":22},"end":{"line":27,"column":3}},"2":{"start":{"line":9,"column":4},"end":{"line":26,"column":6}},"3":{"start":{"line":17,"column":23},"end":{"line":17,"column":59}},"4":{"start":{"line":18,"column":10},"end":{"line":18,"column":46}},"5":{"start":{"line":18,"column":21},"end":{"line":18,"column":46}},"6":{"start":{"line":20,"column":22},"end":{"line":20,"column":67}},"7":{"start":{"line":21,"column":10},"end":{"line":21,"column":47}},"8":{"start":{"line":21,"column":22},"end":{"line":21,"column":47}},"9":{"start":{"line":23,"column":10},"end":{"line":23,"column":34}}},"fnMap":{"0":{"name":"(anonymous_0)","decl":{"start":{"line":8,"column":22},"end":{"line":8,"column":23}},"loc":{"start":{"line":8,"column":36},"end":{"line":27,"column":3}},"line":8},"1":{"name":"(anonymous_1)","decl":{"start":{"line":16,"column":8},"end":{"line":16,"column":9}},"loc":{"start":{"line":16,"column":41},"end":{"line":24,"column":9}},"line":16}},"branchMap":{"0":{"loc":{"start":{"line":18,"column":10},"end":{"line":18,"column":46}},"type":"if","locations":[{"start":{"line":18,"column":10},"end":{"line":18,"column":46}},{"start":{},"end":{}}],"line":18},"1":{"loc":{"start":{"line":21,"column":10},"end":{"line":21,"column":47}},"type":"if","locations":[{"start":{"line":21,"column":10},"end":{"line":21,"column":47}},{"start":{},"end":{}}],"line":21}},"s":{"0":1,"1":1,"2":0,"3":0,"4":0,"5":0,"6":0,"7":0,"8":0,"9":0},"f":{"0":0,"1":0},"b":{"0":[0,0],"1":[0,0]},"_coverageSchema":"1a1c01bbd47fc00a2c39e90264f33305004495a9","hash":"44fd718d0129c83eb3fd0bb6bd1c7a4ef317556b"}
,"C:\\Users\\deand\\Documents\\GitHub\\Node\\controllers\\blog.controller.js": {"path":"C:\\Users\\deand\\Documents\\GitHub\\Node\\controllers\\blog.controller.js","statementMap":{"0":{"start":{"line":6,"column":25},"end":{"line":11,"column":1}},"1":{"start":{"line":8,"column":12},"end":{"line":8,"column":29}},"2":{"start":{"line":9,"column":0},"end":{"line":9,"column":15}},"3":{"start":{"line":15,"column":24},"end":{"line":36,"column":3}},"4":{"start":{"line":17,"column":4},"end":{"line":35,"column":5}},"5":{"start":{"line":18,"column":19},"end":{"line":21,"column":8}},"6":{"start":{"line":23,"column":21},"end":{"line":26,"column":8}},"7":{"start":{"line":27,"column":6},"end":{"line":27,"column":30}},"8":{"start":{"line":28,"column":6},"end":{"line":28,"column":24}},"9":{"start":{"line":29,"column":6},"end":{"line":29,"column":21}},"10":{"start":{"line":34,"column":6},"end":{"line":34,"column":62}},"11":{"start":{"line":40,"column":22},"end":{"line":57,"column":5}},"12":{"start":{"line":42,"column":4},"end":{"line":56,"column":5}},"13":{"start":{"line":44,"column":17},"end":{"line":44,"column":59}},"14":{"start":{"line":45,"column":4},"end":{"line":48,"column":5}},"15":{"start":{"line":46,"column":6},"end":{"line":46,"column":22}},"16":{"start":{"line":47,"column":6},"end":{"line":47,"column":45}},"17":{"start":{"line":49,"column":4},"end":{"line":49,"column":19}},"18":{"start":{"line":55,"column":8},"end":{"line":55,"column":61}},"19":{"start":{"line":60,"column":27},"end":{"line":90,"column":3}},"20":{"start":{"line":61,"column":4},"end":{"line":89,"column":5}},"21":{"start":{"line":62,"column":18},"end":{"line":62,"column":60}},"22":{"start":{"line":64,"column":6},"end":{"line":66,"column":7}},"23":{"start":{"line":65,"column":8},"end":{"line":65,"column":33}},"24":{"start":{"line":67,"column":6},"end":{"line":69,"column":7}},"25":{"start":{"line":68,"column":8},"end":{"line":68,"column":37}},"26":{"start":{"line":70,"column":6},"end":{"line":77,"column":7}},"27":{"start":{"line":71,"column":8},"end":{"line":71,"column":32}},"28":{"start":{"line":72,"column":22},"end":{"line":75,"column":10}},"29":{"start":{"line":76,"column":8},"end":{"line":76,"column":30}},"30":{"start":{"line":79,"column":6},"end":{"line":79,"column":23}},"31":{"start":{"line":81,"column":6},"end":{"line":81,"column":20}},"32":{"start":{"line":87,"column":6},"end":{"line":87,"column":22}},"33":{"start":{"line":88,"column":6},"end":{"line":88,"column":44}},"34":{"start":{"line":93,"column":26},"end":{"line":103,"column":1}},"35":{"start":{"line":94,"column":4},"end":{"line":101,"column":5}},"36":{"start":{"line":95,"column":8},"end":{"line":95,"column":50}},"37":{"start":{"line":96,"column":8},"end":{"line":96,"column":54}},"38":{"start":{"line":99,"column":8},"end":{"line":99,"column":23}},"39":{"start":{"line":100,"column":8},"end":{"line":100,"column":46}},"40":{"start":{"line":106,"column":26},"end":{"line":130,"column":3}},"41":{"start":{"line":108,"column":2},"end":{"line":129,"column":3}},"42":{"start":{"line":110,"column":15},"end":{"line":116,"column":19}},"43":{"start":{"line":118,"column":2},"end":{"line":121,"column":3}},"44":{"start":{"line":119,"column":4},"end":{"line":119,"column":20}},"45":{"start":{"line":120,"column":4},"end":{"line":120,"column":43}},"46":{"start":{"line":122,"column":2},"end":{"line":122,"column":26}},"47":{"start":{"line":128,"column":6},"end":{"line":128,"column":59}},"48":{"start":{"line":135,"column":21},"end":{"line":175,"column":3}},"49":{"start":{"line":136,"column":4},"end":{"line":173,"column":5}},"50":{"start":{"line":138,"column":19},"end":{"line":138,"column":53}},"51":{"start":{"line":139,"column":6},"end":{"line":145,"column":7}},"52":{"start":{"line":140,"column":8},"end":{"line":144,"column":11}},"53":{"start":{"line":147,"column":27},"end":{"line":149,"column":7}},"54":{"start":{"line":148,"column":18},"end":{"line":148,"column":66}},"55":{"start":{"line":150,"column":6},"end":{"line":159,"column":7}},"56":{"start":{"line":151,"column":8},"end":{"line":153,"column":10}},"57":{"start":{"line":152,"column":20},"end":{"line":152,"column":68}},"58":{"start":{"line":155,"column":8},"end":{"line":158,"column":11}},"59":{"start":{"line":160,"column":6},"end":{"line":160,"column":24}},"60":{"start":{"line":161,"column":6},"end":{"line":165,"column":9}},"61":{"start":{"line":169,"column":7},"end":{"line":172,"column":6}},"62":{"start":{"line":177,"column":27},"end":{"line":201,"column":3}},"63":{"start":{"line":178,"column":4},"end":{"line":199,"column":5}},"64":{"start":{"line":179,"column":19},"end":{"line":179,"column":53}},"65":{"start":{"line":181,"column":6},"end":{"line":193,"column":9}},"66":{"start":{"line":182,"column":8},"end":{"line":186,"column":11}},"67":{"start":{"line":188,"column":10},"end":{"line":191,"column":12}},"68":{"start":{"line":204,"column":27},"end":{"line":229,"column":6}},"69":{"start":{"line":205,"column":4},"end":{"line":229,"column":5}},"70":{"start":{"line":206,"column":14},"end":{"line":206,"column":56}},"71":{"start":{"line":208,"column":2},"end":{"line":220,"column":3}},"72":{"start":{"line":209,"column":4},"end":{"line":209,"column":20}},"73":{"start":{"line":210,"column":4},"end":{"line":210,"column":43}},"74":{"start":{"line":213,"column":4},"end":{"line":213,"column":91}},"75":{"start":{"line":214,"column":4},"end":{"line":214,"column":16}},"76":{"start":{"line":215,"column":4},"end":{"line":218,"column":6}},"77":{"start":{"line":224,"column":6},"end":{"line":227,"column":8}}},"fnMap":{"0":{"name":"(anonymous_0)","decl":{"start":{"line":6,"column":25},"end":{"line":6,"column":26}},"loc":{"start":{"line":7,"column":0},"end":{"line":11,"column":1}},"line":7},"1":{"name":"(anonymous_1)","decl":{"start":{"line":15,"column":24},"end":{"line":15,"column":25}},"loc":{"start":{"line":15,"column":49},"end":{"line":36,"column":3}},"line":15},"2":{"name":"(anonymous_2)","decl":{"start":{"line":40,"column":22},"end":{"line":40,"column":23}},"loc":{"start":{"line":40,"column":42},"end":{"line":57,"column":5}},"line":40},"3":{"name":"(anonymous_3)","decl":{"start":{"line":60,"column":27},"end":{"line":60,"column":28}},"loc":{"start":{"line":60,"column":44},"end":{"line":90,"column":3}},"line":60},"4":{"name":"(anonymous_4)","decl":{"start":{"line":93,"column":26},"end":{"line":93,"column":27}},"loc":{"start":{"line":93,"column":45},"end":{"line":103,"column":1}},"line":93},"5":{"name":"(anonymous_5)","decl":{"start":{"line":106,"column":26},"end":{"line":106,"column":27}},"loc":{"start":{"line":106,"column":46},"end":{"line":130,"column":3}},"line":106},"6":{"name":"(anonymous_6)","decl":{"start":{"line":135,"column":21},"end":{"line":135,"column":22}},"loc":{"start":{"line":135,"column":37},"end":{"line":175,"column":3}},"line":135},"7":{"name":"(anonymous_7)","decl":{"start":{"line":148,"column":8},"end":{"line":148,"column":9}},"loc":{"start":{"line":148,"column":18},"end":{"line":148,"column":66}},"line":148},"8":{"name":"(anonymous_8)","decl":{"start":{"line":152,"column":10},"end":{"line":152,"column":11}},"loc":{"start":{"line":152,"column":20},"end":{"line":152,"column":68}},"line":152},"9":{"name":"(anonymous_9)","decl":{"start":{"line":177,"column":27},"end":{"line":177,"column":28}},"loc":{"start":{"line":177,"column":43},"end":{"line":201,"column":3}},"line":177},"10":{"name":"(anonymous_10)","decl":{"start":{"line":204,"column":27},"end":{"line":204,"column":28}},"loc":{"start":{"line":204,"column":44},"end":{"line":229,"column":6}},"line":204}},"branchMap":{"0":{"loc":{"start":{"line":45,"column":4},"end":{"line":48,"column":5}},"type":"if","locations":[{"start":{"line":45,"column":4},"end":{"line":48,"column":5}},{"start":{},"end":{}}],"line":45},"1":{"loc":{"start":{"line":64,"column":6},"end":{"line":66,"column":7}},"type":"if","locations":[{"start":{"line":64,"column":6},"end":{"line":66,"column":7}},{"start":{},"end":{}}],"line":64},"2":{"loc":{"start":{"line":67,"column":6},"end":{"line":69,"column":7}},"type":"if","locations":[{"start":{"line":67,"column":6},"end":{"line":69,"column":7}},{"start":{},"end":{}}],"line":67},"3":{"loc":{"start":{"line":70,"column":6},"end":{"line":77,"column":7}},"type":"if","locations":[{"start":{"line":70,"column":6},"end":{"line":77,"column":7}},{"start":{},"end":{}}],"line":70},"4":{"loc":{"start":{"line":118,"column":2},"end":{"line":121,"column":3}},"type":"if","locations":[{"start":{"line":118,"column":2},"end":{"line":121,"column":3}},{"start":{},"end":{}}],"line":118},"5":{"loc":{"start":{"line":139,"column":6},"end":{"line":145,"column":7}},"type":"if","locations":[{"start":{"line":139,"column":6},"end":{"line":145,"column":7}},{"start":{},"end":{}}],"line":139},"6":{"loc":{"start":{"line":150,"column":6},"end":{"line":159,"column":7}},"type":"if","locations":[{"start":{"line":150,"column":6},"end":{"line":159,"column":7}},{"start":{"line":154,"column":13},"end":{"line":159,"column":7}}],"line":150},"7":{"loc":{"start":{"line":181,"column":6},"end":{"line":193,"column":9}},"type":"if","locations":[{"start":{"line":181,"column":6},"end":{"line":193,"column":9}},{"start":{"line":187,"column":10},"end":{"line":193,"column":9}}],"line":181},"8":{"loc":{"start":{"line":208,"column":2},"end":{"line":220,"column":3}},"type":"if","locations":[{"start":{"line":208,"column":2},"end":{"line":220,"column":3}},{"start":{"line":212,"column":6},"end":{"line":220,"column":3}}],"line":208}},"s":{"0":1,"1":1,"2":1,"3":1,"4":0,"5":0,"6":0,"7":0,"8":0,"9":0,"10":0,"11":1,"12":3,"13":3,"14":2,"15":1,"16":1,"17":2,"18":1,"19":1,"20":0,"21":0,"22":0,"23":0,"24":0,"25":0,"26":0,"27":0,"28":0,"29":0,"30":0,"31":0,"32":0,"33":0,"34":1,"35":2,"36":2,"37":1,"38":1,"39":1,"40":1,"41":0,"42":0,"43":0,"44":0,"45":0,"46":0,"47":0,"48":1,"49":0,"50":0,"51":0,"52":0,"53":0,"54":0,"55":0,"56":0,"57":0,"58":0,"59":0,"60":0,"61":0,"62":1,"63":0,"64":0,"65":0,"66":0,"67":0,"68":1,"69":6,"70":6,"71":5,"72":1,"73":1,"74":4,"75":4,"76":4,"77":1},"f":{"0":1,"1":0,"2":3,"3":0,"4":2,"5":0,"6":0,"7":0,"8":0,"9":0,"10":6},"b":{"0":[1,1],"1":[0,0],"2":[0,0],"3":[0,0],"4":[0,0],"5":[0,0],"6":[0,0],"7":[0,0],"8":[1,4]},"_coverageSchema":"1a1c01bbd47fc00a2c39e90264f33305004495a9","hash":"6ff52b44913336652f80538d79d2a90c92ac4dd8"}
,"C:\\Users\\deand\\Documents\\GitHub\\Node\\controllers\\queries.controller.js": {"path":"C:\\Users\\deand\\Documents\\GitHub\\Node\\controllers\\queries.controller.js","statementMap":{"0":{"start":{"line":3,"column":23},"end":{"line":12,"column":2}},"1":{"start":{"line":5,"column":16},"end":{"line":8,"column":6}},"2":{"start":{"line":9,"column":0},"end":{"line":9,"column":18}},"3":{"start":{"line":10,"column":0},"end":{"line":10,"column":15}},"4":{"start":{"line":15,"column":25},"end":{"line":21,"column":2}},"5":{"start":{"line":17,"column":15},"end":{"line":17,"column":33}},"6":{"start":{"line":19,"column":1},"end":{"line":19,"column":18}}},"fnMap":{"0":{"name":"(anonymous_0)","decl":{"start":{"line":3,"column":23},"end":{"line":3,"column":24}},"loc":{"start":{"line":3,"column":39},"end":{"line":12,"column":2}},"line":3},"1":{"name":"(anonymous_1)","decl":{"start":{"line":15,"column":25},"end":{"line":15,"column":26}},"loc":{"start":{"line":16,"column":1},"end":{"line":21,"column":2}},"line":16}},"branchMap":{},"s":{"0":1,"1":0,"2":0,"3":0,"4":1,"5":0,"6":0},"f":{"0":0,"1":0},"b":{},"_coverageSchema":"1a1c01bbd47fc00a2c39e90264f33305004495a9","hash":"2f9d251cbeae7cffafaaac8eb8190e65095a2072"}
,"C:\\Users\\deand\\Documents\\GitHub\\Node\\controllers\\users.controller.js": {"path":"C:\\Users\\deand\\Documents\\GitHub\\Node\\controllers\\users.controller.js","statementMap":{"0":{"start":{"line":10,"column":21},"end":{"line":37,"column":1}},"1":{"start":{"line":11,"column":20},"end":{"line":11,"column":37}},"2":{"start":{"line":12,"column":16},"end":{"line":12,"column":29}},"3":{"start":{"line":13,"column":20},"end":{"line":13,"column":51}},"4":{"start":{"line":14,"column":0},"end":{"line":35,"column":1}},"5":{"start":{"line":16,"column":24},"end":{"line":16,"column":55}},"6":{"start":{"line":17,"column":4},"end":{"line":19,"column":5}},"7":{"start":{"line":18,"column":8},"end":{"line":18,"column":70}},"8":{"start":{"line":20,"column":17},"end":{"line":24,"column":6}},"9":{"start":{"line":26,"column":4},"end":{"line":26,"column":22}},"10":{"start":{"line":27,"column":4},"end":{"line":27,"column":67}},"11":{"start":{"line":32,"column":0},"end":{"line":32,"column":19}},"12":{"start":{"line":33,"column":0},"end":{"line":33,"column":45}},"13":{"start":{"line":40,"column":21},"end":{"line":71,"column":1}},"14":{"start":{"line":41,"column":3},"end":{"line":70,"column":6}},"15":{"start":{"line":42,"column":14},"end":{"line":42,"column":28}},"16":{"start":{"line":43,"column":17},"end":{"line":43,"column":34}},"17":{"start":{"line":44,"column":14},"end":{"line":44,"column":41}},"18":{"start":{"line":45,"column":1},"end":{"line":47,"column":2}},"19":{"start":{"line":46,"column":5},"end":{"line":46,"column":54}},"20":{"start":{"line":49,"column":1},"end":{"line":65,"column":2}},"21":{"start":{"line":50,"column":5},"end":{"line":50,"column":65}},"22":{"start":{"line":53,"column":14},"end":{"line":58,"column":1}},"23":{"start":{"line":60,"column":14},"end":{"line":62,"column":1}},"24":{"start":{"line":63,"column":12},"end":{"line":63,"column":65}},"25":{"start":{"line":64,"column":0},"end":{"line":64,"column":67}},"26":{"start":{"line":68,"column":8},"end":{"line":68,"column":44}},"27":{"start":{"line":69,"column":8},"end":{"line":69,"column":62}},"28":{"start":{"line":76,"column":25},"end":{"line":81,"column":1}},"29":{"start":{"line":78,"column":12},"end":{"line":78,"column":29}},"30":{"start":{"line":79,"column":0},"end":{"line":79,"column":15}},"31":{"start":{"line":83,"column":26},"end":{"line":87,"column":5}},"32":{"start":{"line":84,"column":17},"end":{"line":84,"column":58}},"33":{"start":{"line":85,"column":4},"end":{"line":85,"column":38}}},"fnMap":{"0":{"name":"(anonymous_0)","decl":{"start":{"line":10,"column":21},"end":{"line":10,"column":22}},"loc":{"start":{"line":10,"column":38},"end":{"line":37,"column":1}},"line":10},"1":{"name":"(anonymous_1)","decl":{"start":{"line":40,"column":21},"end":{"line":40,"column":22}},"loc":{"start":{"line":40,"column":37},"end":{"line":71,"column":1}},"line":40},"2":{"name":"(anonymous_2)","decl":{"start":{"line":76,"column":25},"end":{"line":76,"column":26}},"loc":{"start":{"line":77,"column":0},"end":{"line":81,"column":1}},"line":77},"3":{"name":"(anonymous_3)","decl":{"start":{"line":83,"column":26},"end":{"line":83,"column":27}},"loc":{"start":{"line":83,"column":42},"end":{"line":87,"column":5}},"line":83}},"branchMap":{"0":{"loc":{"start":{"line":17,"column":4},"end":{"line":19,"column":5}},"type":"if","locations":[{"start":{"line":17,"column":4},"end":{"line":19,"column":5}},{"start":{},"end":{}}],"line":17},"1":{"loc":{"start":{"line":45,"column":1},"end":{"line":47,"column":2}},"type":"if","locations":[{"start":{"line":45,"column":1},"end":{"line":47,"column":2}},{"start":{},"end":{}}],"line":45},"2":{"loc":{"start":{"line":49,"column":1},"end":{"line":65,"column":2}},"type":"if","locations":[{"start":{"line":49,"column":1},"end":{"line":65,"column":2}},{"start":{"line":52,"column":5},"end":{"line":65,"column":2}}],"line":49}},"s":{"0":1,"1":0,"2":0,"3":0,"4":0,"5":0,"6":0,"7":0,"8":0,"9":0,"10":0,"11":0,"12":0,"13":1,"14":0,"15":0,"16":0,"17":0,"18":0,"19":0,"20":0,"21":0,"22":0,"23":0,"24":0,"25":0,"26":0,"27":0,"28":1,"29":0,"30":0,"31":1,"32":0,"33":0},"f":{"0":0,"1":0,"2":0,"3":0},"b":{"0":[0,0],"1":[0,0],"2":[0,0]},"_coverageSchema":"1a1c01bbd47fc00a2c39e90264f33305004495a9","hash":"28e26c2d120ee00bf61bee6cfca84ace3d54dd47"}
,"C:\\Users\\deand\\Documents\\GitHub\\Node\\middleware\\authentication.js": {"path":"C:\\Users\\deand\\Documents\\GitHub\\Node\\middleware\\authentication.js","statementMap":{"0":{"start":{"line":6,"column":24},"end":{"line":32,"column":1}},"1":{"start":{"line":7,"column":0},"end":{"line":31,"column":1}},"2":{"start":{"line":8,"column":0},"end":{"line":25,"column":1}},"3":{"start":{"line":9,"column":14},"end":{"line":9,"column":53}},"4":{"start":{"line":10,"column":16},"end":{"line":10,"column":62}},"5":{"start":{"line":11,"column":13},"end":{"line":11,"column":57}},"6":{"start":{"line":14,"column":0},"end":{"line":20,"column":1}},"7":{"start":{"line":15,"column":4},"end":{"line":15,"column":56}},"8":{"start":{"line":18,"column":4},"end":{"line":18,"column":20}},"9":{"start":{"line":19,"column":4},"end":{"line":19,"column":11}},"10":{"start":{"line":24,"column":2},"end":{"line":24,"column":49}},"11":{"start":{"line":29,"column":4},"end":{"line":29,"column":22}},"12":{"start":{"line":30,"column":4},"end":{"line":30,"column":43}},"13":{"start":{"line":34,"column":23},"end":{"line":55,"column":3}},"14":{"start":{"line":36,"column":4},"end":{"line":54,"column":5}},"15":{"start":{"line":38,"column":6},"end":{"line":46,"column":7}},"16":{"start":{"line":39,"column":8},"end":{"line":39,"column":15}},"17":{"start":{"line":41,"column":8},"end":{"line":45,"column":11}},"18":{"start":{"line":48,"column":8},"end":{"line":48,"column":26}},"19":{"start":{"line":49,"column":6},"end":{"line":53,"column":9}}},"fnMap":{"0":{"name":"(anonymous_0)","decl":{"start":{"line":6,"column":24},"end":{"line":6,"column":25}},"loc":{"start":{"line":6,"column":45},"end":{"line":32,"column":1}},"line":6},"1":{"name":"(anonymous_1)","decl":{"start":{"line":34,"column":23},"end":{"line":34,"column":24}},"loc":{"start":{"line":34,"column":43},"end":{"line":55,"column":3}},"line":34}},"branchMap":{"0":{"loc":{"start":{"line":8,"column":0},"end":{"line":25,"column":1}},"type":"if","locations":[{"start":{"line":8,"column":0},"end":{"line":25,"column":1}},{"start":{"line":23,"column":4},"end":{"line":25,"column":1}}],"line":8},"1":{"loc":{"start":{"line":14,"column":0},"end":{"line":20,"column":1}},"type":"if","locations":[{"start":{"line":14,"column":0},"end":{"line":20,"column":1}},{"start":{"line":17,"column":4},"end":{"line":20,"column":1}}],"line":14},"2":{"loc":{"start":{"line":38,"column":6},"end":{"line":46,"column":7}},"type":"if","locations":[{"start":{"line":38,"column":6},"end":{"line":46,"column":7}},{"start":{"line":40,"column":13},"end":{"line":46,"column":7}}],"line":38}},"s":{"0":1,"1":0,"2":0,"3":0,"4":0,"5":0,"6":0,"7":0,"8":0,"9":0,"10":0,"11":0,"12":0,"13":1,"14":0,"15":0,"16":0,"17":0,"18":0,"19":0},"f":{"0":0,"1":0},"b":{"0":[0,0],"1":[0,0],"2":[0,0]},"_coverageSchema":"1a1c01bbd47fc00a2c39e90264f33305004495a9","hash":"07aadbe5aac2b16d8ed383c149194f7c1ea860a4"}
,"C:\\Users\\deand\\Documents\\GitHub\\Node\\middleware\\isBlogValid.js": {"path":"C:\\Users\\deand\\Documents\\GitHub\\Node\\middleware\\isBlogValid.js","statementMap":{"0":{"start":{"line":1,"column":16},"end":{"line":10,"column":5}},"1":{"start":{"line":1,"column":28},"end":{"line":10,"column":5}},"2":{"start":{"line":2,"column":17},"end":{"line":2,"column":42}},"3":{"start":{"line":3,"column":4},"end":{"line":8,"column":5}},"4":{"start":{"line":4,"column":8},"end":{"line":4,"column":26}},"5":{"start":{"line":5,"column":6},"end":{"line":5,"column":70}},"6":{"start":{"line":7,"column":8},"end":{"line":7,"column":15}}},"fnMap":{"0":{"name":"(anonymous_0)","decl":{"start":{"line":1,"column":16},"end":{"line":1,"column":17}},"loc":{"start":{"line":1,"column":28},"end":{"line":10,"column":5}},"line":1},"1":{"name":"(anonymous_1)","decl":{"start":{"line":1,"column":28},"end":{"line":1,"column":29}},"loc":{"start":{"line":1,"column":45},"end":{"line":10,"column":5}},"line":1}},"branchMap":{"0":{"loc":{"start":{"line":3,"column":4},"end":{"line":8,"column":5}},"type":"if","locations":[{"start":{"line":3,"column":4},"end":{"line":8,"column":5}},{"start":{"line":6,"column":8},"end":{"line":8,"column":5}}],"line":3}},"s":{"0":1,"1":3,"2":0,"3":0,"4":0,"5":0,"6":0},"f":{"0":3,"1":0},"b":{"0":[0,0]},"_coverageSchema":"1a1c01bbd47fc00a2c39e90264f33305004495a9","hash":"686c0bae55cd30b8494468dbfb11fca1b5db8486"}
,"C:\\Users\\deand\\Documents\\GitHub\\Node\\middleware\\isUserValid.js": {"path":"C:\\Users\\deand\\Documents\\GitHub\\Node\\middleware\\isUserValid.js","statementMap":{"0":{"start":{"line":2,"column":16},"end":{"line":14,"column":5}},"1":{"start":{"line":2,"column":28},"end":{"line":14,"column":5}},"2":{"start":{"line":6,"column":17},"end":{"line":6,"column":42}},"3":{"start":{"line":7,"column":4},"end":{"line":12,"column":5}},"4":{"start":{"line":8,"column":8},"end":{"line":8,"column":26}},"5":{"start":{"line":9,"column":6},"end":{"line":9,"column":70}},"6":{"start":{"line":11,"column":8},"end":{"line":11,"column":15}}},"fnMap":{"0":{"name":"(anonymous_0)","decl":{"start":{"line":2,"column":16},"end":{"line":2,"column":17}},"loc":{"start":{"line":2,"column":28},"end":{"line":14,"column":5}},"line":2},"1":{"name":"(anonymous_1)","decl":{"start":{"line":2,"column":28},"end":{"line":2,"column":29}},"loc":{"start":{"line":2,"column":45},"end":{"line":14,"column":5}},"line":2}},"branchMap":{"0":{"loc":{"start":{"line":7,"column":4},"end":{"line":12,"column":5}},"type":"if","locations":[{"start":{"line":7,"column":4},"end":{"line":12,"column":5}},{"start":{"line":10,"column":8},"end":{"line":12,"column":5}}],"line":7}},"s":{"0":1,"1":1,"2":0,"3":0,"4":0,"5":0,"6":0},"f":{"0":1,"1":0},"b":{"0":[0,0]},"_coverageSchema":"1a1c01bbd47fc00a2c39e90264f33305004495a9","hash":"aedec6d6a3d6c0653defad2e2281cb87aaa99116"}
,"C:\\Users\\deand\\Documents\\GitHub\\Node\\models\\Users.js": {"path":"C:\\Users\\deand\\Documents\\GitHub\\Node\\models\\Users.js","statementMap":{"0":{"start":{"line":3,"column":15},"end":{"line":28,"column":2}}},"fnMap":{},"branchMap":{},"s":{"0":1},"f":{},"b":{},"_coverageSchema":"1a1c01bbd47fc00a2c39e90264f33305004495a9","hash":"5f123c31f9fc5f810ec549eafacaa55c046bbd3a"}
,"C:\\Users\\deand\\Documents\\GitHub\\Node\\models\\queries.js": {"path":"C:\\Users\\deand\\Documents\\GitHub\\Node\\models\\queries.js","statementMap":{"0":{"start":{"line":3,"column":13},"end":{"line":7,"column":2}}},"fnMap":{},"branchMap":{},"s":{"0":1},"f":{},"b":{},"_coverageSchema":"1a1c01bbd47fc00a2c39e90264f33305004495a9","hash":"038403db8e72681e6c6107790c306a21f61dfaab"}
,"C:\\Users\\deand\\Documents\\GitHub\\Node\\routes\\blogs.routes.js": {"path":"C:\\Users\\deand\\Documents\\GitHub\\Node\\routes\\blogs.routes.js","statementMap":{"0":{"start":{"line":10,"column":17},"end":{"line":10,"column":25}},"1":{"start":{"line":11,"column":14},"end":{"line":11,"column":29}},"2":{"start":{"line":12,"column":17},"end":{"line":17,"column":4}},"3":{"start":{"line":13,"column":0},"end":{"line":17,"column":3}},"4":{"start":{"line":14,"column":4},"end":{"line":14,"column":19}},"5":{"start":{"line":16,"column":4},"end":{"line":16,"column":36}},"6":{"start":{"line":20,"column":15},"end":{"line":20,"column":43}},"7":{"start":{"line":24,"column":3},"end":{"line":24,"column":37}},"8":{"start":{"line":25,"column":3},"end":{"line":25,"column":101}},"9":{"start":{"line":26,"column":3},"end":{"line":26,"column":40}},"10":{"start":{"line":27,"column":3},"end":{"line":27,"column":85}},"11":{"start":{"line":28,"column":3},"end":{"line":28,"column":63}},"12":{"start":{"line":29,"column":3},"end":{"line":29,"column":84}},"13":{"start":{"line":30,"column":3},"end":{"line":30,"column":52}},"14":{"start":{"line":31,"column":3},"end":{"line":31,"column":52}},"15":{"start":{"line":32,"column":3},"end":{"line":32,"column":58}}},"fnMap":{"0":{"name":"(anonymous_0)","decl":{"start":{"line":12,"column":17},"end":{"line":12,"column":18}},"loc":{"start":{"line":12,"column":32},"end":{"line":17,"column":4}},"line":12}},"branchMap":{"0":{"loc":{"start":{"line":13,"column":0},"end":{"line":17,"column":3}},"type":"if","locations":[{"start":{"line":13,"column":0},"end":{"line":17,"column":3}},{"start":{"line":15,"column":9},"end":{"line":17,"column":3}}],"line":13}},"s":{"0":1,"1":1,"2":1,"3":0,"4":0,"5":0,"6":1,"7":1,"8":1,"9":1,"10":1,"11":1,"12":1,"13":1,"14":1,"15":1},"f":{"0":0},"b":{"0":[0,0]},"_coverageSchema":"1a1c01bbd47fc00a2c39e90264f33305004495a9","hash":"cd3884e5ef41c37774c371f76f70c2b910d76e15"}
,"C:\\Users\\deand\\Documents\\GitHub\\Node\\routes\\queries.routes.js": {"path":"C:\\Users\\deand\\Documents\\GitHub\\Node\\routes\\queries.routes.js","statementMap":{"0":{"start":{"line":5,"column":18},"end":{"line":5,"column":34}},"1":{"start":{"line":8,"column":0},"end":{"line":8,"column":38}},"2":{"start":{"line":10,"column":0},"end":{"line":10,"column":62}}},"fnMap":{},"branchMap":{},"s":{"0":1,"1":1,"2":1},"f":{},"b":{},"_coverageSchema":"1a1c01bbd47fc00a2c39e90264f33305004495a9","hash":"8b6ee55a87cd3d53c49e159e6c61352e4956864a"}
,"C:\\Users\\deand\\Documents\\GitHub\\Node\\routes\\users.routes.js": {"path":"C:\\Users\\deand\\Documents\\GitHub\\Node\\routes\\users.routes.js","statementMap":{"0":{"start":{"line":9,"column":18},"end":{"line":9,"column":26}},"1":{"start":{"line":10,"column":0},"end":{"line":10,"column":53}},"2":{"start":{"line":11,"column":0},"end":{"line":11,"column":51}},"3":{"start":{"line":12,"column":0},"end":{"line":12,"column":44}},"4":{"start":{"line":13,"column":0},"end":{"line":13,"column":92}}},"fnMap":{},"branchMap":{},"s":{"0":1,"1":1,"2":1,"3":1,"4":1},"f":{},"b":{},"_coverageSchema":"1a1c01bbd47fc00a2c39e90264f33305004495a9","hash":"33d9839d7f3f1548b5ef624674307cd4043f3f7e"}
,"C:\\Users\\deand\\Documents\\GitHub\\Node\\validations\\blog.js": {"path":"C:\\Users\\deand\\Documents\\GitHub\\Node\\validations\\blog.js","statementMap":{"0":{"start":{"line":3,"column":17},"end":{"line":7,"column":2}}},"fnMap":{},"branchMap":{},"s":{"0":1},"f":{},"b":{},"_coverageSchema":"1a1c01bbd47fc00a2c39e90264f33305004495a9","hash":"d948c500ac31f9323d20d2d2a41b9a667fb484e2"}
,"C:\\Users\\deand\\Documents\\GitHub\\Node\\validations\\comments.js": {"path":"C:\\Users\\deand\\Documents\\GitHub\\Node\\validations\\comments.js","statementMap":{"0":{"start":{"line":3,"column":20},"end":{"line":5,"column":2}}},"fnMap":{},"branchMap":{},"s":{"0":1},"f":{},"b":{},"_coverageSchema":"1a1c01bbd47fc00a2c39e90264f33305004495a9","hash":"b8756df0eede3c4b78396f262165303ec13721f0"}
,"C:\\Users\\deand\\Documents\\GitHub\\Node\\validations\\query.js": {"path":"C:\\Users\\deand\\Documents\\GitHub\\Node\\validations\\query.js","statementMap":{"0":{"start":{"line":3,"column":18},"end":{"line":7,"column":2}}},"fnMap":{},"branchMap":{},"s":{"0":1},"f":{},"b":{},"_coverageSchema":"1a1c01bbd47fc00a2c39e90264f33305004495a9","hash":"d750e815eccd936134eafcdca980688bb74ad182"}
,"C:\\Users\\deand\\Documents\\GitHub\\Node\\validations\\user.js": {"path":"C:\\Users\\deand\\Documents\\GitHub\\Node\\validations\\user.js","statementMap":{"0":{"start":{"line":3,"column":17},"end":{"line":8,"column":2}}},"fnMap":{},"branchMap":{},"s":{"0":1},"f":{},"b":{},"_coverageSchema":"1a1c01bbd47fc00a2c39e90264f33305004495a9","hash":"1f19ec72172933d41bddfaede4bbd4e49e4be01a"}
}
