{"C:\\Users\\deand\\Documents\\GitHub\\Node\\index.js": {"path":"C:\\Users\\deand\\Documents\\GitHub\\Node\\index.js","statementMap":{"0":{"start":{"line":11,"column":0},"end":{"line":11,"column":16}},"1":{"start":{"line":13,"column":20},"end":{"line":13,"column":44}},"2":{"start":{"line":14,"column":19},"end":{"line":14,"column":28}},"3":{"start":{"line":15,"column":0},"end":{"line":20,"column":3}},"4":{"start":{"line":16,"column":2},"end":{"line":16,"column":49}},"5":{"start":{"line":17,"column":2},"end":{"line":17,"column":79}},"6":{"start":{"line":18,"column":2},"end":{"line":18,"column":78}},"7":{"start":{"line":19,"column":2},"end":{"line":19,"column":9}},"8":{"start":{"line":21,"column":0},"end":{"line":21,"column":16}},"9":{"start":{"line":22,"column":0},"end":{"line":22,"column":16}},"10":{"start":{"line":23,"column":0},"end":{"line":30,"column":2}},"11":{"start":{"line":31,"column":0},"end":{"line":31,"column":31}},"12":{"start":{"line":32,"column":0},"end":{"line":32,"column":28}},"13":{"start":{"line":33,"column":0},"end":{"line":33,"column":29}},"14":{"start":{"line":34,"column":0},"end":{"line":34,"column":28}},"15":{"start":{"line":35,"column":0},"end":{"line":35,"column":29}},"16":{"start":{"line":36,"column":0},"end":{"line":36,"column":28}},"17":{"start":{"line":38,"column":0},"end":{"line":50,"column":1}},"18":{"start":{"line":39,"column":2},"end":{"line":39,"column":37}},"19":{"start":{"line":40,"column":2},"end":{"line":49,"column":7}},"20":{"start":{"line":45,"column":6},"end":{"line":45,"column":34}},"21":{"start":{"line":48,"column":6},"end":{"line":48,"column":25}},"22":{"start":{"line":52,"column":0},"end":{"line":55,"column":3}},"23":{"start":{"line":53,"column":2},"end":{"line":53,"column":30}},"24":{"start":{"line":54,"column":2},"end":{"line":54,"column":25}}},"fnMap":{"0":{"name":"(anonymous_0)","decl":{"start":{"line":15,"column":8},"end":{"line":15,"column":9}},"loc":{"start":{"line":15,"column":34},"end":{"line":20,"column":1}},"line":15},"1":{"name":"(anonymous_1)","decl":{"start":{"line":44,"column":10},"end":{"line":44,"column":11}},"loc":{"start":{"line":44,"column":16},"end":{"line":46,"column":5}},"line":44},"2":{"name":"(anonymous_2)","decl":{"start":{"line":47,"column":11},"end":{"line":47,"column":12}},"loc":{"start":{"line":47,"column":22},"end":{"line":49,"column":5}},"line":47},"3":{"name":"(anonymous_3)","decl":{"start":{"line":52,"column":17},"end":{"line":52,"column":18}},"loc":{"start":{"line":52,"column":23},"end":{"line":55,"column":1}},"line":52}},"branchMap":{"0":{"loc":{"start":{"line":13,"column":20},"end":{"line":13,"column":44}},"type":"binary-expr","locations":[{"start":{"line":13,"column":20},"end":{"line":13,"column":36}},{"start":{"line":13,"column":40},"end":{"line":13,"column":44}}],"line":13},"1":{"loc":{"start":{"line":38,"column":0},"end":{"line":50,"column":1}},"type":"if","locations":[{"start":{"line":38,"column":0},"end":{"line":50,"column":1}},{"start":{},"end":{}}],"line":38}},"s":{"0":1,"1":1,"2":1,"3":1,"4":7,"5":7,"6":7,"7":7,"8":1,"9":1,"10":1,"11":1,"12":1,"13":1,"14":1,"15":1,"16":1,"17":1,"18":0,"19":0,"20":0,"21":0,"22":1,"23":1,"24":1},"f":{"0":7,"1":0,"2":0,"3":1},"b":{"0":[1,0],"1":[0,1]},"_coverageSchema":"1a1c01bbd47fc00a2c39e90264f33305004495a9","hash":"f9c1fbfc44f95dae60fdbbbf8f8c8e8c5d98a965"}
,"C:\\Users\\deand\\Documents\\GitHub\\Node\\uploads.js": {"path":"C:\\Users\\deand\\Documents\\GitHub\\Node\\uploads.js","statementMap":{"0":{"start":{"line":3,"column":0},"end":{"line":8,"column":2}}},"fnMap":{},"branchMap":{},"s":{"0":1},"f":{},"b":{},"_coverageSchema":"1a1c01bbd47fc00a2c39e90264f33305004495a9","hash":"21b869033865d1862fdd637529ef27ab55d92dad"}
,"C:\\Users\\deand\\Documents\\GitHub\\Node\\config\\passport.js": {"path":"C:\\Users\\deand\\Documents\\GitHub\\Node\\config\\passport.js","statementMap":{"0":{"start":{"line":4,"column":20},"end":{"line":4,"column":42}},"1":{"start":{"line":8,"column":22},"end":{"line":27,"column":3}},"2":{"start":{"line":9,"column":4},"end":{"line":26,"column":6}},"3":{"start":{"line":17,"column":23},"end":{"line":17,"column":59}},"4":{"start":{"line":18,"column":10},"end":{"line":18,"column":46}},"5":{"start":{"line":18,"column":21},"end":{"line":18,"column":46}},"6":{"start":{"line":20,"column":22},"end":{"line":20,"column":67}},"7":{"start":{"line":21,"column":10},"end":{"line":21,"column":47}},"8":{"start":{"line":21,"column":22},"end":{"line":21,"column":47}},"9":{"start":{"line":23,"column":10},"end":{"line":23,"column":34}}},"fnMap":{"0":{"name":"(anonymous_0)","decl":{"start":{"line":8,"column":22},"end":{"line":8,"column":23}},"loc":{"start":{"line":8,"column":36},"end":{"line":27,"column":3}},"line":8},"1":{"name":"(anonymous_1)","decl":{"start":{"line":16,"column":8},"end":{"line":16,"column":9}},"loc":{"start":{"line":16,"column":41},"end":{"line":24,"column":9}},"line":16}},"branchMap":{"0":{"loc":{"start":{"line":18,"column":10},"end":{"line":18,"column":46}},"type":"if","locations":[{"start":{"line":18,"column":10},"end":{"line":18,"column":46}},{"start":{},"end":{}}],"line":18},"1":{"loc":{"start":{"line":21,"column":10},"end":{"line":21,"column":47}},"type":"if","locations":[{"start":{"line":21,"column":10},"end":{"line":21,"column":47}},{"start":{},"end":{}}],"line":21}},"s":{"0":1,"1":1,"2":1,"3":2,"4":2,"5":1,"6":1,"7":1,"8":1,"9":0},"f":{"0":1,"1":2},"b":{"0":[1,1],"1":[1,0]},"_coverageSchema":"1a1c01bbd47fc00a2c39e90264f33305004495a9","hash":"44fd718d0129c83eb3fd0bb6bd1c7a4ef317556b"}
,"C:\\Users\\deand\\Documents\\GitHub\\Node\\controllers\\blog.controller.js": {"path":"C:\\Users\\deand\\Documents\\GitHub\\Node\\controllers\\blog.controller.js","statementMap":{"0":{"start":{"line":4,"column":24},"end":{"line":7,"column":1}},"1":{"start":{"line":5,"column":16},"end":{"line":5,"column":33}},"2":{"start":{"line":6,"column":2},"end":{"line":6,"column":18}},"3":{"start":{"line":9,"column":24},"end":{"line":27,"column":1}},"4":{"start":{"line":10,"column":2},"end":{"line":26,"column":3}},"5":{"start":{"line":11,"column":17},"end":{"line":15,"column":6}},"6":{"start":{"line":17,"column":19},"end":{"line":20,"column":6}},"7":{"start":{"line":21,"column":4},"end":{"line":21,"column":28}},"8":{"start":{"line":22,"column":4},"end":{"line":22,"column":22}},"9":{"start":{"line":23,"column":4},"end":{"line":23,"column":19}},"10":{"start":{"line":25,"column":4},"end":{"line":25,"column":60}},"11":{"start":{"line":30,"column":23},"end":{"line":41,"column":1}},"12":{"start":{"line":31,"column":2},"end":{"line":40,"column":3}},"13":{"start":{"line":32,"column":17},"end":{"line":32,"column":59}},"14":{"start":{"line":33,"column":4},"end":{"line":36,"column":5}},"15":{"start":{"line":34,"column":6},"end":{"line":34,"column":22}},"16":{"start":{"line":35,"column":6},"end":{"line":35,"column":49}},"17":{"start":{"line":37,"column":4},"end":{"line":37,"column":19}},"18":{"start":{"line":39,"column":4},"end":{"line":39,"column":61}},"19":{"start":{"line":43,"column":26},"end":{"line":67,"column":1}},"20":{"start":{"line":44,"column":15},"end":{"line":44,"column":57}},"21":{"start":{"line":46,"column":2},"end":{"line":48,"column":3}},"22":{"start":{"line":47,"column":4},"end":{"line":47,"column":32}},"23":{"start":{"line":49,"column":2},"end":{"line":51,"column":3}},"24":{"start":{"line":50,"column":4},"end":{"line":50,"column":36}},"25":{"start":{"line":52,"column":2},"end":{"line":54,"column":3}},"26":{"start":{"line":53,"column":4},"end":{"line":53,"column":36}},"27":{"start":{"line":55,"column":2},"end":{"line":62,"column":3}},"28":{"start":{"line":56,"column":4},"end":{"line":56,"column":31}},"29":{"start":{"line":57,"column":19},"end":{"line":60,"column":6}},"30":{"start":{"line":61,"column":4},"end":{"line":61,"column":28}},"31":{"start":{"line":64,"column":2},"end":{"line":64,"column":20}},"32":{"start":{"line":66,"column":2},"end":{"line":66,"column":17}},"33":{"start":{"line":69,"column":26},"end":{"line":77,"column":1}},"34":{"start":{"line":70,"column":2},"end":{"line":76,"column":3}},"35":{"start":{"line":71,"column":4},"end":{"line":71,"column":49}},"36":{"start":{"line":72,"column":4},"end":{"line":72,"column":54}},"37":{"start":{"line":74,"column":4},"end":{"line":74,"column":20}},"38":{"start":{"line":75,"column":4},"end":{"line":75,"column":46}},"39":{"start":{"line":79,"column":27},"end":{"line":93,"column":1}},"40":{"start":{"line":80,"column":2},"end":{"line":92,"column":3}},"41":{"start":{"line":81,"column":17},"end":{"line":87,"column":74}},"42":{"start":{"line":89,"column":4},"end":{"line":89,"column":40}},"43":{"start":{"line":91,"column":4},"end":{"line":91,"column":61}},"44":{"start":{"line":95,"column":20},"end":{"line":125,"column":1}},"45":{"start":{"line":96,"column":2},"end":{"line":124,"column":3}},"46":{"start":{"line":97,"column":17},"end":{"line":97,"column":51}},"47":{"start":{"line":100,"column":25},"end":{"line":102,"column":5}},"48":{"start":{"line":101,"column":16},"end":{"line":101,"column":64}},"49":{"start":{"line":103,"column":4},"end":{"line":112,"column":5}},"50":{"start":{"line":104,"column":6},"end":{"line":106,"column":8}},"51":{"start":{"line":105,"column":18},"end":{"line":105,"column":66}},"52":{"start":{"line":108,"column":6},"end":{"line":111,"column":9}},"53":{"start":{"line":113,"column":4},"end":{"line":113,"column":22}},"54":{"start":{"line":114,"column":4},"end":{"line":118,"column":7}},"55":{"start":{"line":120,"column":4},"end":{"line":123,"column":7}},"56":{"start":{"line":127,"column":27},"end":{"line":148,"column":1}},"57":{"start":{"line":128,"column":2},"end":{"line":147,"column":3}},"58":{"start":{"line":129,"column":17},"end":{"line":129,"column":51}},"59":{"start":{"line":131,"column":4},"end":{"line":142,"column":5}},"60":{"start":{"line":132,"column":6},"end":{"line":136,"column":9}},"61":{"start":{"line":138,"column":6},"end":{"line":141,"column":9}},"62":{"start":{"line":144,"column":4},"end":{"line":146,"column":7}},"63":{"start":{"line":150,"column":26},"end":{"line":174,"column":1}},"64":{"start":{"line":151,"column":2},"end":{"line":173,"column":3}},"65":{"start":{"line":152,"column":17},"end":{"line":152,"column":59}},"66":{"start":{"line":154,"column":4},"end":{"line":167,"column":5}},"67":{"start":{"line":155,"column":6},"end":{"line":155,"column":22}},"68":{"start":{"line":156,"column":6},"end":{"line":156,"column":49}},"69":{"start":{"line":158,"column":6},"end":{"line":161,"column":8}},"70":{"start":{"line":162,"column":6},"end":{"line":162,"column":18}},"71":{"start":{"line":163,"column":6},"end":{"line":166,"column":9}},"72":{"start":{"line":169,"column":4},"end":{"line":172,"column":7}}},"fnMap":{"0":{"name":"(anonymous_0)","decl":{"start":{"line":4,"column":24},"end":{"line":4,"column":25}},"loc":{"start":{"line":4,"column":44},"end":{"line":7,"column":1}},"line":4},"1":{"name":"(anonymous_1)","decl":{"start":{"line":9,"column":24},"end":{"line":9,"column":25}},"loc":{"start":{"line":9,"column":50},"end":{"line":27,"column":1}},"line":9},"2":{"name":"(anonymous_2)","decl":{"start":{"line":30,"column":23},"end":{"line":30,"column":24}},"loc":{"start":{"line":30,"column":43},"end":{"line":41,"column":1}},"line":30},"3":{"name":"(anonymous_3)","decl":{"start":{"line":43,"column":26},"end":{"line":43,"column":27}},"loc":{"start":{"line":43,"column":46},"end":{"line":67,"column":1}},"line":43},"4":{"name":"(anonymous_4)","decl":{"start":{"line":69,"column":26},"end":{"line":69,"column":27}},"loc":{"start":{"line":69,"column":46},"end":{"line":77,"column":1}},"line":69},"5":{"name":"(anonymous_5)","decl":{"start":{"line":79,"column":27},"end":{"line":79,"column":28}},"loc":{"start":{"line":79,"column":47},"end":{"line":93,"column":1}},"line":79},"6":{"name":"(anonymous_6)","decl":{"start":{"line":95,"column":20},"end":{"line":95,"column":21}},"loc":{"start":{"line":95,"column":40},"end":{"line":125,"column":1}},"line":95},"7":{"name":"(anonymous_7)","decl":{"start":{"line":101,"column":6},"end":{"line":101,"column":7}},"loc":{"start":{"line":101,"column":16},"end":{"line":101,"column":64}},"line":101},"8":{"name":"(anonymous_8)","decl":{"start":{"line":105,"column":8},"end":{"line":105,"column":9}},"loc":{"start":{"line":105,"column":18},"end":{"line":105,"column":66}},"line":105},"9":{"name":"(anonymous_9)","decl":{"start":{"line":127,"column":27},"end":{"line":127,"column":28}},"loc":{"start":{"line":127,"column":47},"end":{"line":148,"column":1}},"line":127},"10":{"name":"(anonymous_10)","decl":{"start":{"line":150,"column":26},"end":{"line":150,"column":27}},"loc":{"start":{"line":150,"column":46},"end":{"line":174,"column":1}},"line":150}},"branchMap":{"0":{"loc":{"start":{"line":33,"column":4},"end":{"line":36,"column":5}},"type":"if","locations":[{"start":{"line":33,"column":4},"end":{"line":36,"column":5}},{"start":{},"end":{}}],"line":33},"1":{"loc":{"start":{"line":46,"column":2},"end":{"line":48,"column":3}},"type":"if","locations":[{"start":{"line":46,"column":2},"end":{"line":48,"column":3}},{"start":{},"end":{}}],"line":46},"2":{"loc":{"start":{"line":49,"column":2},"end":{"line":51,"column":3}},"type":"if","locations":[{"start":{"line":49,"column":2},"end":{"line":51,"column":3}},{"start":{},"end":{}}],"line":49},"3":{"loc":{"start":{"line":52,"column":2},"end":{"line":54,"column":3}},"type":"if","locations":[{"start":{"line":52,"column":2},"end":{"line":54,"column":3}},{"start":{},"end":{}}],"line":52},"4":{"loc":{"start":{"line":55,"column":2},"end":{"line":62,"column":3}},"type":"if","locations":[{"start":{"line":55,"column":2},"end":{"line":62,"column":3}},{"start":{},"end":{}}],"line":55},"5":{"loc":{"start":{"line":103,"column":4},"end":{"line":112,"column":5}},"type":"if","locations":[{"start":{"line":103,"column":4},"end":{"line":112,"column":5}},{"start":{"line":107,"column":11},"end":{"line":112,"column":5}}],"line":103},"6":{"loc":{"start":{"line":131,"column":4},"end":{"line":142,"column":5}},"type":"if","locations":[{"start":{"line":131,"column":4},"end":{"line":142,"column":5}},{"start":{"line":137,"column":11},"end":{"line":142,"column":5}}],"line":131},"7":{"loc":{"start":{"line":154,"column":4},"end":{"line":167,"column":5}},"type":"if","locations":[{"start":{"line":154,"column":4},"end":{"line":167,"column":5}},{"start":{"line":157,"column":11},"end":{"line":167,"column":5}}],"line":154}},"s":{"0":1,"1":1,"2":1,"3":1,"4":0,"5":0,"6":0,"7":0,"8":0,"9":0,"10":0,"11":1,"12":3,"13":3,"14":2,"15":1,"16":1,"17":2,"18":1,"19":1,"20":0,"21":0,"22":0,"23":0,"24":0,"25":0,"26":0,"27":0,"28":0,"29":0,"30":0,"31":0,"32":0,"33":1,"34":2,"35":2,"36":1,"37":1,"38":1,"39":1,"40":0,"41":0,"42":0,"43":0,"44":1,"45":2,"46":2,"47":0,"48":0,"49":0,"50":0,"51":0,"52":0,"53":0,"54":0,"55":2,"56":1,"57":2,"58":2,"59":0,"60":0,"61":0,"62":2,"63":1,"64":6,"65":6,"66":5,"67":1,"68":1,"69":4,"70":4,"71":4,"72":1},"f":{"0":1,"1":0,"2":3,"3":0,"4":2,"5":0,"6":2,"7":0,"8":0,"9":2,"10":6},"b":{"0":[1,1],"1":[0,0],"2":[0,0],"3":[0,0],"4":[0,0],"5":[0,0],"6":[0,0],"7":[1,4]},"_coverageSchema":"1a1c01bbd47fc00a2c39e90264f33305004495a9","hash":"01373744e8970f57ea5d6f3ad828ef7fc9a9ac16"}
,"C:\\Users\\deand\\Documents\\GitHub\\Node\\controllers\\queries.controller.js": {"path":"C:\\Users\\deand\\Documents\\GitHub\\Node\\controllers\\queries.controller.js","statementMap":{"0":{"start":{"line":3,"column":23},"end":{"line":13,"column":2}},"1":{"start":{"line":5,"column":16},"end":{"line":9,"column":6}},"2":{"start":{"line":10,"column":0},"end":{"line":10,"column":18}},"3":{"start":{"line":11,"column":0},"end":{"line":11,"column":15}},"4":{"start":{"line":16,"column":25},"end":{"line":22,"column":2}},"5":{"start":{"line":18,"column":15},"end":{"line":18,"column":33}},"6":{"start":{"line":20,"column":1},"end":{"line":20,"column":18}}},"fnMap":{"0":{"name":"(anonymous_0)","decl":{"start":{"line":3,"column":23},"end":{"line":3,"column":24}},"loc":{"start":{"line":3,"column":39},"end":{"line":13,"column":2}},"line":3},"1":{"name":"(anonymous_1)","decl":{"start":{"line":16,"column":25},"end":{"line":16,"column":26}},"loc":{"start":{"line":17,"column":1},"end":{"line":22,"column":2}},"line":17}},"branchMap":{},"s":{"0":1,"1":0,"2":0,"3":0,"4":1,"5":1,"6":1},"f":{"0":0,"1":1},"b":{},"_coverageSchema":"1a1c01bbd47fc00a2c39e90264f33305004495a9","hash":"04b3dd1f5c50d5b8b4088bac4e98542c81361821"}
,"C:\\Users\\deand\\Documents\\GitHub\\Node\\controllers\\users.controller.js": {"path":"C:\\Users\\deand\\Documents\\GitHub\\Node\\controllers\\users.controller.js","statementMap":{"0":{"start":{"line":5,"column":24},"end":{"line":8,"column":1}},"1":{"start":{"line":6,"column":16},"end":{"line":6,"column":33}},"2":{"start":{"line":7,"column":2},"end":{"line":7,"column":18}},"3":{"start":{"line":10,"column":21},"end":{"line":38,"column":1}},"4":{"start":{"line":11,"column":20},"end":{"line":11,"column":37}},"5":{"start":{"line":12,"column":16},"end":{"line":12,"column":29}},"6":{"start":{"line":13,"column":20},"end":{"line":13,"column":51}},"7":{"start":{"line":14,"column":0},"end":{"line":37,"column":1}},"8":{"start":{"line":16,"column":24},"end":{"line":16,"column":55}},"9":{"start":{"line":17,"column":4},"end":{"line":32,"column":1}},"10":{"start":{"line":18,"column":7},"end":{"line":18,"column":69}},"11":{"start":{"line":22,"column":17},"end":{"line":26,"column":6}},"12":{"start":{"line":28,"column":4},"end":{"line":28,"column":22}},"13":{"start":{"line":29,"column":4},"end":{"line":29,"column":67}},"14":{"start":{"line":35,"column":0},"end":{"line":35,"column":19}},"15":{"start":{"line":36,"column":0},"end":{"line":36,"column":45}},"16":{"start":{"line":41,"column":21},"end":{"line":73,"column":5}},"17":{"start":{"line":42,"column":4},"end":{"line":72,"column":7}},"18":{"start":{"line":43,"column":15},"end":{"line":43,"column":29}},"19":{"start":{"line":44,"column":18},"end":{"line":44,"column":35}},"20":{"start":{"line":45,"column":15},"end":{"line":45,"column":42}},"21":{"start":{"line":46,"column":2},"end":{"line":48,"column":3}},"22":{"start":{"line":47,"column":6},"end":{"line":47,"column":55}},"23":{"start":{"line":50,"column":2},"end":{"line":66,"column":3}},"24":{"start":{"line":51,"column":6},"end":{"line":51,"column":66}},"25":{"start":{"line":54,"column":15},"end":{"line":59,"column":2}},"26":{"start":{"line":61,"column":15},"end":{"line":63,"column":2}},"27":{"start":{"line":64,"column":13},"end":{"line":64,"column":66}},"28":{"start":{"line":65,"column":1},"end":{"line":65,"column":68}},"29":{"start":{"line":70,"column":9},"end":{"line":70,"column":45}},"30":{"start":{"line":71,"column":9},"end":{"line":71,"column":63}}},"fnMap":{"0":{"name":"(anonymous_0)","decl":{"start":{"line":5,"column":24},"end":{"line":5,"column":25}},"loc":{"start":{"line":5,"column":44},"end":{"line":8,"column":1}},"line":5},"1":{"name":"(anonymous_1)","decl":{"start":{"line":10,"column":21},"end":{"line":10,"column":22}},"loc":{"start":{"line":10,"column":38},"end":{"line":38,"column":1}},"line":10},"2":{"name":"(anonymous_2)","decl":{"start":{"line":41,"column":21},"end":{"line":41,"column":22}},"loc":{"start":{"line":41,"column":37},"end":{"line":73,"column":5}},"line":41}},"branchMap":{"0":{"loc":{"start":{"line":17,"column":4},"end":{"line":32,"column":1}},"type":"if","locations":[{"start":{"line":17,"column":4},"end":{"line":32,"column":1}},{"start":{"line":21,"column":4},"end":{"line":32,"column":1}}],"line":17},"1":{"loc":{"start":{"line":46,"column":2},"end":{"line":48,"column":3}},"type":"if","locations":[{"start":{"line":46,"column":2},"end":{"line":48,"column":3}},{"start":{},"end":{}}],"line":46},"2":{"loc":{"start":{"line":50,"column":2},"end":{"line":66,"column":3}},"type":"if","locations":[{"start":{"line":50,"column":2},"end":{"line":66,"column":3}},{"start":{"line":53,"column":6},"end":{"line":66,"column":3}}],"line":50}},"s":{"0":1,"1":0,"2":0,"3":1,"4":1,"5":1,"6":1,"7":1,"8":1,"9":1,"10":1,"11":0,"12":0,"13":0,"14":0,"15":0,"16":1,"17":0,"18":0,"19":0,"20":0,"21":0,"22":0,"23":0,"24":0,"25":0,"26":0,"27":0,"28":0,"29":0,"30":0},"f":{"0":0,"1":1,"2":0},"b":{"0":[1,0],"1":[0,0],"2":[0,0]},"_coverageSchema":"1a1c01bbd47fc00a2c39e90264f33305004495a9","hash":"84ebc235e041ba38105cc19a7513fa70e2ee2dcf"}
,"C:\\Users\\deand\\Documents\\GitHub\\Node\\docs\\swagger.js": {"path":"C:\\Users\\deand\\Documents\\GitHub\\Node\\docs\\swagger.js","statementMap":{"0":{"start":{"line":4,"column":16},"end":{"line":25,"column":1}},"1":{"start":{"line":27,"column":20},"end":{"line":27,"column":41}},"2":{"start":{"line":29,"column":20},"end":{"line":39,"column":1}},"3":{"start":{"line":31,"column":2},"end":{"line":31,"column":66}},"4":{"start":{"line":34,"column":2},"end":{"line":37,"column":5}},"5":{"start":{"line":35,"column":4},"end":{"line":35,"column":54}},"6":{"start":{"line":36,"column":4},"end":{"line":36,"column":26}},"7":{"start":{"line":38,"column":2},"end":{"line":38,"column":66}}},"fnMap":{"0":{"name":"(anonymous_0)","decl":{"start":{"line":29,"column":20},"end":{"line":29,"column":21}},"loc":{"start":{"line":29,"column":35},"end":{"line":39,"column":1}},"line":29},"1":{"name":"(anonymous_1)","decl":{"start":{"line":34,"column":24},"end":{"line":34,"column":25}},"loc":{"start":{"line":34,"column":38},"end":{"line":37,"column":3}},"line":34}},"branchMap":{},"s":{"0":1,"1":1,"2":1,"3":1,"4":1,"5":0,"6":0,"7":1},"f":{"0":1,"1":0},"b":{},"_coverageSchema":"1a1c01bbd47fc00a2c39e90264f33305004495a9","hash":"d894dfa0c7c098d7fa607c6613ae49171fb00450"}
,"C:\\Users\\deand\\Documents\\GitHub\\Node\\middleware\\authentication.js": {"path":"C:\\Users\\deand\\Documents\\GitHub\\Node\\middleware\\authentication.js","statementMap":{"0":{"start":{"line":6,"column":24},"end":{"line":30,"column":1}},"1":{"start":{"line":7,"column":0},"end":{"line":29,"column":1}},"2":{"start":{"line":8,"column":0},"end":{"line":22,"column":1}},"3":{"start":{"line":9,"column":14},"end":{"line":9,"column":53}},"4":{"start":{"line":10,"column":16},"end":{"line":10,"column":62}},"5":{"start":{"line":11,"column":13},"end":{"line":11,"column":57}},"6":{"start":{"line":14,"column":0},"end":{"line":20,"column":1}},"7":{"start":{"line":15,"column":4},"end":{"line":15,"column":56}},"8":{"start":{"line":18,"column":4},"end":{"line":18,"column":20}},"9":{"start":{"line":19,"column":4},"end":{"line":19,"column":11}},"10":{"start":{"line":27,"column":4},"end":{"line":27,"column":22}},"11":{"start":{"line":28,"column":3},"end":{"line":28,"column":50}},"12":{"start":{"line":32,"column":23},"end":{"line":49,"column":3}},"13":{"start":{"line":34,"column":4},"end":{"line":48,"column":5}},"14":{"start":{"line":36,"column":6},"end":{"line":38,"column":7}},"15":{"start":{"line":37,"column":8},"end":{"line":37,"column":15}},"16":{"start":{"line":42,"column":8},"end":{"line":42,"column":26}},"17":{"start":{"line":43,"column":8},"end":{"line":47,"column":11}}},"fnMap":{"0":{"name":"(anonymous_0)","decl":{"start":{"line":6,"column":24},"end":{"line":6,"column":25}},"loc":{"start":{"line":6,"column":45},"end":{"line":30,"column":1}},"line":6},"1":{"name":"(anonymous_1)","decl":{"start":{"line":32,"column":23},"end":{"line":32,"column":24}},"loc":{"start":{"line":32,"column":43},"end":{"line":49,"column":3}},"line":32}},"branchMap":{"0":{"loc":{"start":{"line":8,"column":0},"end":{"line":22,"column":1}},"type":"if","locations":[{"start":{"line":8,"column":0},"end":{"line":22,"column":1}},{"start":{},"end":{}}],"line":8},"1":{"loc":{"start":{"line":14,"column":0},"end":{"line":20,"column":1}},"type":"if","locations":[{"start":{"line":14,"column":0},"end":{"line":20,"column":1}},{"start":{"line":17,"column":4},"end":{"line":20,"column":1}}],"line":14},"2":{"loc":{"start":{"line":36,"column":6},"end":{"line":38,"column":7}},"type":"if","locations":[{"start":{"line":36,"column":6},"end":{"line":38,"column":7}},{"start":{},"end":{}}],"line":36}},"s":{"0":1,"1":2,"2":2,"3":2,"4":2,"5":1,"6":1,"7":0,"8":1,"9":1,"10":1,"11":1,"12":1,"13":2,"14":2,"15":1,"16":0,"17":0},"f":{"0":2,"1":2},"b":{"0":[2,0],"1":[0,1],"2":[1,1]},"_coverageSchema":"1a1c01bbd47fc00a2c39e90264f33305004495a9","hash":"c899a96dd5aea051b83d91288cc6084599425bb2"}
,"C:\\Users\\deand\\Documents\\GitHub\\Node\\middleware\\isBlogValid.js": {"path":"C:\\Users\\deand\\Documents\\GitHub\\Node\\middleware\\isBlogValid.js","statementMap":{"0":{"start":{"line":1,"column":16},"end":{"line":9,"column":5}},"1":{"start":{"line":1,"column":28},"end":{"line":9,"column":5}},"2":{"start":{"line":2,"column":17},"end":{"line":2,"column":42}},"3":{"start":{"line":3,"column":4},"end":{"line":7,"column":5}},"4":{"start":{"line":4,"column":6},"end":{"line":4,"column":70}},"5":{"start":{"line":6,"column":8},"end":{"line":6,"column":15}}},"fnMap":{"0":{"name":"(anonymous_0)","decl":{"start":{"line":1,"column":16},"end":{"line":1,"column":17}},"loc":{"start":{"line":1,"column":28},"end":{"line":9,"column":5}},"line":1},"1":{"name":"(anonymous_1)","decl":{"start":{"line":1,"column":28},"end":{"line":1,"column":29}},"loc":{"start":{"line":1,"column":45},"end":{"line":9,"column":5}},"line":1}},"branchMap":{"0":{"loc":{"start":{"line":3,"column":4},"end":{"line":7,"column":5}},"type":"if","locations":[{"start":{"line":3,"column":4},"end":{"line":7,"column":5}},{"start":{"line":5,"column":8},"end":{"line":7,"column":5}}],"line":3}},"s":{"0":1,"1":4,"2":1,"3":1,"4":0,"5":1},"f":{"0":4,"1":1},"b":{"0":[0,1]},"_coverageSchema":"1a1c01bbd47fc00a2c39e90264f33305004495a9","hash":"34854f2dc7403349c6946bfad59035a021d65990"}
,"C:\\Users\\deand\\Documents\\GitHub\\Node\\middleware\\isUserValid.js": {"path":"C:\\Users\\deand\\Documents\\GitHub\\Node\\middleware\\isUserValid.js","statementMap":{"0":{"start":{"line":2,"column":20},"end":{"line":11,"column":5}},"1":{"start":{"line":2,"column":32},"end":{"line":11,"column":5}},"2":{"start":{"line":4,"column":17},"end":{"line":4,"column":42}},"3":{"start":{"line":5,"column":4},"end":{"line":9,"column":5}},"4":{"start":{"line":6,"column":6},"end":{"line":6,"column":67}},"5":{"start":{"line":8,"column":8},"end":{"line":8,"column":15}}},"fnMap":{"0":{"name":"(anonymous_0)","decl":{"start":{"line":2,"column":20},"end":{"line":2,"column":21}},"loc":{"start":{"line":2,"column":32},"end":{"line":11,"column":5}},"line":2},"1":{"name":"(anonymous_1)","decl":{"start":{"line":2,"column":32},"end":{"line":2,"column":33}},"loc":{"start":{"line":2,"column":49},"end":{"line":11,"column":5}},"line":2}},"branchMap":{"0":{"loc":{"start":{"line":5,"column":4},"end":{"line":9,"column":5}},"type":"if","locations":[{"start":{"line":5,"column":4},"end":{"line":9,"column":5}},{"start":{"line":7,"column":8},"end":{"line":9,"column":5}}],"line":5}},"s":{"0":1,"1":1,"2":1,"3":1,"4":0,"5":1},"f":{"0":1,"1":1},"b":{"0":[0,1]},"_coverageSchema":"1a1c01bbd47fc00a2c39e90264f33305004495a9","hash":"941e396d8e1edcfbed2afe389fa575847e90e9af"}
,"C:\\Users\\deand\\Documents\\GitHub\\Node\\models\\Users.js": {"path":"C:\\Users\\deand\\Documents\\GitHub\\Node\\models\\Users.js","statementMap":{"0":{"start":{"line":3,"column":15},"end":{"line":28,"column":2}}},"fnMap":{},"branchMap":{},"s":{"0":1},"f":{},"b":{},"_coverageSchema":"1a1c01bbd47fc00a2c39e90264f33305004495a9","hash":"5f123c31f9fc5f810ec549eafacaa55c046bbd3a"}
,"C:\\Users\\deand\\Documents\\GitHub\\Node\\models\\queries.js": {"path":"C:\\Users\\deand\\Documents\\GitHub\\Node\\models\\queries.js","statementMap":{"0":{"start":{"line":3,"column":13},"end":{"line":8,"column":2}}},"fnMap":{},"branchMap":{},"s":{"0":1},"f":{},"b":{},"_coverageSchema":"1a1c01bbd47fc00a2c39e90264f33305004495a9","hash":"f630ce9b6b03af981822ac711dc816111d71db86"}
,"C:\\Users\\deand\\Documents\\GitHub\\Node\\routes\\blogs.routes.js": {"path":"C:\\Users\\deand\\Documents\\GitHub\\Node\\routes\\blogs.routes.js","statementMap":{"0":{"start":{"line":10,"column":17},"end":{"line":10,"column":25}},"1":{"start":{"line":11,"column":14},"end":{"line":11,"column":29}},"2":{"start":{"line":12,"column":24},"end":{"line":17,"column":4}},"3":{"start":{"line":13,"column":0},"end":{"line":17,"column":3}},"4":{"start":{"line":14,"column":4},"end":{"line":14,"column":19}},"5":{"start":{"line":16,"column":4},"end":{"line":16,"column":36}},"6":{"start":{"line":20,"column":15},"end":{"line":20,"column":43}},"7":{"start":{"line":24,"column":3},"end":{"line":24,"column":37}},"8":{"start":{"line":25,"column":3},"end":{"line":25,"column":101}},"9":{"start":{"line":26,"column":3},"end":{"line":26,"column":40}},"10":{"start":{"line":27,"column":3},"end":{"line":27,"column":77}},"11":{"start":{"line":28,"column":3},"end":{"line":28,"column":63}},"12":{"start":{"line":29,"column":3},"end":{"line":29,"column":75}},"13":{"start":{"line":30,"column":3},"end":{"line":30,"column":52}},"14":{"start":{"line":31,"column":3},"end":{"line":31,"column":43}},"15":{"start":{"line":32,"column":3},"end":{"line":32,"column":49}}},"fnMap":{"0":{"name":"(anonymous_0)","decl":{"start":{"line":12,"column":24},"end":{"line":12,"column":25}},"loc":{"start":{"line":12,"column":39},"end":{"line":17,"column":4}},"line":12}},"branchMap":{"0":{"loc":{"start":{"line":13,"column":0},"end":{"line":17,"column":3}},"type":"if","locations":[{"start":{"line":13,"column":0},"end":{"line":17,"column":3}},{"start":{"line":15,"column":9},"end":{"line":17,"column":3}}],"line":13}},"s":{"0":1,"1":1,"2":1,"3":2,"4":1,"5":1,"6":1,"7":1,"8":1,"9":1,"10":1,"11":1,"12":1,"13":1,"14":1,"15":1},"f":{"0":2},"b":{"0":[1,1]},"_coverageSchema":"1a1c01bbd47fc00a2c39e90264f33305004495a9","hash":"9ec0ecc2e383bfac9dc31c49edcc7ec94a3bfc5e"}
,"C:\\Users\\deand\\Documents\\GitHub\\Node\\routes\\queries.routes.js": {"path":"C:\\Users\\deand\\Documents\\GitHub\\Node\\routes\\queries.routes.js","statementMap":{"0":{"start":{"line":5,"column":18},"end":{"line":5,"column":34}},"1":{"start":{"line":8,"column":0},"end":{"line":8,"column":38}},"2":{"start":{"line":10,"column":0},"end":{"line":10,"column":61}}},"fnMap":{},"branchMap":{},"s":{"0":1,"1":1,"2":1},"f":{},"b":{},"_coverageSchema":"1a1c01bbd47fc00a2c39e90264f33305004495a9","hash":"207780756a3efb438c5e6522ab3eb557dd0be4ae"}
,"C:\\Users\\deand\\Documents\\GitHub\\Node\\routes\\users.routes.js": {"path":"C:\\Users\\deand\\Documents\\GitHub\\Node\\routes\\users.routes.js","statementMap":{"0":{"start":{"line":9,"column":19},"end":{"line":9,"column":27}},"1":{"start":{"line":10,"column":0},"end":{"line":10,"column":35}},"2":{"start":{"line":11,"column":0},"end":{"line":11,"column":36}},"3":{"start":{"line":12,"column":0},"end":{"line":16,"column":2}}},"fnMap":{},"branchMap":{},"s":{"0":1,"1":1,"2":1,"3":1},"f":{},"b":{},"_coverageSchema":"1a1c01bbd47fc00a2c39e90264f33305004495a9","hash":"5a5e7cae973af649b43d04b94cd7200533b0c719"}
,"C:\\Users\\deand\\Documents\\GitHub\\Node\\validations\\blog.js": {"path":"C:\\Users\\deand\\Documents\\GitHub\\Node\\validations\\blog.js","statementMap":{"0":{"start":{"line":3,"column":19},"end":{"line":7,"column":2}}},"fnMap":{},"branchMap":{},"s":{"0":1},"f":{},"b":{},"_coverageSchema":"1a1c01bbd47fc00a2c39e90264f33305004495a9","hash":"738a42eaa35525b4503c07ba408320bea6007619"}
,"C:\\Users\\deand\\Documents\\GitHub\\Node\\validations\\comments.js": {"path":"C:\\Users\\deand\\Documents\\GitHub\\Node\\validations\\comments.js","statementMap":{"0":{"start":{"line":3,"column":22},"end":{"line":6,"column":2}}},"fnMap":{},"branchMap":{},"s":{"0":1},"f":{},"b":{},"_coverageSchema":"1a1c01bbd47fc00a2c39e90264f33305004495a9","hash":"74c1c9c25f7db4471933615382aca0f5f2040747"}
,"C:\\Users\\deand\\Documents\\GitHub\\Node\\validations\\query.js": {"path":"C:\\Users\\deand\\Documents\\GitHub\\Node\\validations\\query.js","statementMap":{"0":{"start":{"line":3,"column":18},"end":{"line":8,"column":2}}},"fnMap":{},"branchMap":{},"s":{"0":1},"f":{},"b":{},"_coverageSchema":"1a1c01bbd47fc00a2c39e90264f33305004495a9","hash":"619770baaf23b6e58fb5a59460e5a38f79c5bf30"}
,"C:\\Users\\deand\\Documents\\GitHub\\Node\\validations\\user.js": {"path":"C:\\Users\\deand\\Documents\\GitHub\\Node\\validations\\user.js","statementMap":{"0":{"start":{"line":3,"column":17},"end":{"line":8,"column":2}}},"fnMap":{},"branchMap":{},"s":{"0":1},"f":{},"b":{},"_coverageSchema":"1a1c01bbd47fc00a2c39e90264f33305004495a9","hash":"1f19ec72172933d41bddfaede4bbd4e49e4be01a"}
}
