TN:
SF:index.js
FN:18,(anonymous_0)
FN:37,(anonymous_1)
FNF:2
FNH:2
FNDA:1,(anonymous_0)
FNDA:1,(anonymous_1)
DA:14,1
DA:15,1
DA:20,1
DA:21,1
DA:22,1
DA:23,1
DA:31,1
DA:32,1
DA:33,1
DA:34,1
DA:35,1
DA:36,1
DA:37,1
DA:38,1
LF:14
LH:14
BRDA:20,0,0,1
BRDA:20,0,1,0
BRF:2
BRH:1
end_of_record
TN:
SF:uploads.js
FNF:0
FNH:0
DA:3,1
LF:1
LH:1
BRF:0
BRH:0
end_of_record
TN:
SF:config\passport.js
FN:8,(anonymous_0)
FN:16,(anonymous_1)
FNF:2
FNH:1
FNDA:1,(anonymous_0)
FNDA:0,(anonymous_1)
DA:4,1
DA:8,1
DA:9,1
DA:17,0
DA:18,0
DA:20,0
DA:21,0
DA:23,0
LF:8
LH:3
BRDA:18,0,0,0
BRDA:18,0,1,0
BRDA:21,1,0,0
BRDA:21,1,1,0
BRF:4
BRH:0
end_of_record
TN:
SF:controllers\blog.controller.js
FN:6,(anonymous_0)
FN:16,(anonymous_1)
FN:40,(anonymous_2)
FN:60,(anonymous_3)
FN:93,(anonymous_4)
FN:106,(anonymous_5)
FN:131,(anonymous_6)
FN:138,(anonymous_7)
FN:142,(anonymous_8)
FN:168,(anonymous_9)
FN:198,(anonymous_10)
FNF:11
FNH:6
FNDA:1,(anonymous_0)
FNDA:0,(anonymous_1)
FNDA:3,(anonymous_2)
FNDA:0,(anonymous_3)
FNDA:2,(anonymous_4)
FNDA:0,(anonymous_5)
FNDA:2,(anonymous_6)
FNDA:0,(anonymous_7)
FNDA:0,(anonymous_8)
FNDA:1,(anonymous_9)
FNDA:6,(anonymous_10)
DA:6,1
DA:9,1
DA:10,1
DA:16,1
DA:18,0
DA:19,0
DA:24,0
DA:28,0
DA:29,0
DA:30,0
DA:34,0
DA:40,1
DA:42,3
DA:44,3
DA:45,2
DA:46,1
DA:47,1
DA:49,2
DA:55,1
DA:60,1
DA:61,0
DA:62,0
DA:64,0
DA:65,0
DA:67,0
DA:68,0
DA:70,0
DA:71,0
DA:72,0
DA:76,0
DA:79,0
DA:81,0
DA:87,0
DA:88,0
DA:93,1
DA:94,2
DA:95,2
DA:96,1
DA:99,1
DA:100,1
DA:106,1
DA:108,0
DA:109,0
DA:117,0
DA:123,0
DA:131,1
DA:132,2
DA:134,2
DA:137,0
DA:138,0
DA:140,0
DA:141,0
DA:142,0
DA:145,0
DA:150,0
DA:151,0
DA:159,2
DA:168,1
DA:169,1
DA:170,1
DA:172,0
DA:173,0
DA:179,0
DA:189,1
DA:198,1
DA:199,6
DA:200,6
DA:202,5
DA:203,1
DA:204,1
DA:207,4
DA:208,4
DA:209,4
DA:218,1
LF:74
LH:38
BRDA:45,0,0,1
BRDA:45,0,1,1
BRDA:64,1,0,0
BRDA:64,1,1,0
BRDA:67,2,0,0
BRDA:67,2,1,0
BRDA:70,3,0,0
BRDA:70,3,1,0
BRDA:140,4,0,0
BRDA:140,4,1,0
BRDA:172,5,0,0
BRDA:172,5,1,0
BRDA:202,6,0,1
BRDA:202,6,1,4
BRF:14
BRH:4
end_of_record
TN:
SF:controllers\queries.controller.js
FN:3,(anonymous_0)
FN:15,(anonymous_1)
FNF:2
FNH:1
FNDA:0,(anonymous_0)
FNDA:1,(anonymous_1)
DA:3,1
DA:5,0
DA:9,0
DA:10,0
DA:15,1
DA:17,1
DA:19,1
LF:7
LH:4
BRF:0
BRH:0
end_of_record
TN:
SF:controllers\users.controller.js
FN:5,(anonymous_0)
FN:32,(anonymous_1)
FN:65,(anonymous_2)
FNF:3
FNH:1
FNDA:1,(anonymous_0)
FNDA:0,(anonymous_1)
FNDA:0,(anonymous_2)
DA:5,1
DA:6,1
DA:7,1
DA:8,1
DA:9,1
DA:11,1
DA:12,1
DA:13,1
DA:16,0
DA:22,0
DA:23,0
DA:28,0
DA:29,0
DA:32,1
DA:33,0
DA:34,0
DA:35,0
DA:36,0
DA:37,0
DA:38,0
DA:41,0
DA:42,0
DA:45,0
DA:52,0
DA:55,0
DA:56,0
DA:61,0
DA:62,0
DA:65,1
DA:67,0
DA:68,0
LF:31
LH:10
BRDA:12,0,0,1
BRDA:12,0,1,0
BRDA:37,1,0,0
BRDA:37,1,1,0
BRDA:41,2,0,0
BRDA:41,2,1,0
BRF:6
BRH:1
end_of_record
TN:
SF:middleware\authentication.js
FN:6,(anonymous_0)
FN:34,(anonymous_1)
FNF:2
FNH:2
FNDA:1,(anonymous_0)
FNDA:2,(anonymous_1)
DA:6,1
DA:7,1
DA:8,1
DA:9,1
DA:10,1
DA:11,1
DA:14,1
DA:15,0
DA:18,1
DA:19,1
DA:24,0
DA:29,0
DA:30,0
DA:34,1
DA:36,2
DA:38,2
DA:39,1
DA:44,0
DA:45,0
LF:19
LH:13
BRDA:8,0,0,1
BRDA:8,0,1,0
BRDA:14,1,0,0
BRDA:14,1,1,1
BRDA:38,2,0,1
BRDA:38,2,1,1
BRF:6
BRH:4
end_of_record
TN:
SF:middleware\isBlogValid.js
FN:1,(anonymous_0)
FN:1,(anonymous_1)
FNF:2
FNH:2
FNDA:3,(anonymous_0)
FNDA:1,(anonymous_1)
DA:1,3
DA:2,1
DA:3,1
DA:4,0
DA:6,1
LF:5
LH:4
BRDA:3,0,0,0
BRDA:3,0,1,1
BRF:2
BRH:1
end_of_record
TN:
SF:middleware\isUserValid.js
FN:2,(anonymous_0)
FN:2,(anonymous_1)
FNF:2
FNH:2
FNDA:1,(anonymous_0)
FNDA:1,(anonymous_1)
DA:2,1
DA:4,1
DA:5,1
DA:6,0
DA:8,1
LF:5
LH:4
BRDA:5,0,0,0
BRDA:5,0,1,1
BRF:2
BRH:1
end_of_record
TN:
SF:models\Users.js
FNF:0
FNH:0
DA:3,1
LF:1
LH:1
BRF:0
BRH:0
end_of_record
TN:
SF:models\queries.js
FNF:0
FNH:0
DA:3,1
LF:1
LH:1
BRF:0
BRH:0
end_of_record
TN:
SF:routes\blogs.routes.js
FN:12,(anonymous_0)
FNF:1
FNH:1
FNDA:2,(anonymous_0)
DA:10,1
DA:11,1
DA:12,1
DA:13,2
DA:14,1
DA:16,1
DA:20,1
DA:24,1
DA:25,1
DA:26,1
DA:27,1
DA:28,1
DA:29,1
DA:30,1
DA:31,1
DA:32,1
LF:16
LH:16
BRDA:13,0,0,1
BRDA:13,0,1,1
BRF:2
BRH:2
end_of_record
TN:
SF:routes\queries.routes.js
FNF:0
FNH:0
DA:6,1
DA:9,1
DA:11,1
LF:3
LH:3
BRF:0
BRH:0
end_of_record
TN:
SF:routes\users.routes.js
FNF:0
FNH:0
DA:9,1
DA:10,1
DA:11,1
DA:12,1
LF:4
LH:4
BRF:0
BRH:0
end_of_record
TN:
SF:validations\blog.js
FNF:0
FNH:0
DA:3,1
LF:1
LH:1
BRF:0
BRH:0
end_of_record
TN:
SF:validations\comments.js
FNF:0
FNH:0
DA:3,1
LF:1
LH:1
BRF:0
BRH:0
end_of_record
TN:
SF:validations\query.js
FNF:0
FNH:0
DA:3,1
LF:1
LH:1
BRF:0
BRH:0
end_of_record
TN:
SF:validations\user.js
FNF:0
FNH:0
DA:3,1
LF:1
LH:1
BRF:0
BRH:0
end_of_record
