TN:
SF:index.js
FN:14,(anonymous_0)
FN:46,(anonymous_1)
FN:49,(anonymous_2)
FN:54,(anonymous_3)
FNF:4
FNH:2
FNDA:8,(anonymous_0)
FNDA:0,(anonymous_1)
FNDA:0,(anonymous_2)
FNDA:1,(anonymous_3)
DA:11,1
DA:12,1
DA:13,1
DA:14,1
DA:15,8
DA:16,8
DA:20,8
DA:22,8
DA:24,1
DA:25,1
DA:33,1
DA:34,1
DA:35,1
DA:36,1
DA:37,1
DA:38,1
DA:40,1
DA:41,0
DA:42,0
DA:47,0
DA:50,0
DA:54,1
DA:55,1
DA:56,1
LF:24
LH:20
BRDA:12,0,0,1
BRDA:12,0,1,0
BRDA:40,1,0,0
BRDA:40,1,1,1
BRF:4
BRH:2
end_of_record
TN:
SF:uploads.js
FNF:0
FNH:0
DA:3,1
LF:1
LH:1
BRF:0
BRH:0
end_of_record
TN:
SF:config\passport.js
FN:8,(anonymous_0)
FN:16,(anonymous_1)
FNF:2
FNH:2
FNDA:1,(anonymous_0)
FNDA:2,(anonymous_1)
DA:4,1
DA:8,1
DA:9,1
DA:17,2
DA:18,2
DA:20,1
DA:21,1
DA:23,0
LF:8
LH:7
BRDA:18,0,0,1
BRDA:18,0,1,1
BRDA:21,1,0,1
BRDA:21,1,1,0
BRF:4
BRH:3
end_of_record
TN:
SF:controllers\blog.controller.js
FN:4,(anonymous_0)
FN:9,(anonymous_1)
FN:29,(anonymous_2)
FN:42,(anonymous_3)
FN:65,(anonymous_4)
FN:75,(anonymous_5)
FN:91,(anonymous_6)
FN:97,(anonymous_7)
FN:101,(anonymous_8)
FN:123,(anonymous_9)
FN:146,(anonymous_10)
FNF:11
FNH:6
FNDA:1,(anonymous_0)
FNDA:0,(anonymous_1)
FNDA:3,(anonymous_2)
FNDA:0,(anonymous_3)
FNDA:2,(anonymous_4)
FNDA:0,(anonymous_5)
FNDA:2,(anonymous_6)
FNDA:0,(anonymous_7)
FNDA:0,(anonymous_8)
FNDA:2,(anonymous_9)
FNDA:6,(anonymous_10)
DA:4,1
DA:5,1
DA:6,1
DA:9,1
DA:10,0
DA:11,0
DA:16,0
DA:20,0
DA:21,0
DA:22,0
DA:24,0
DA:29,1
DA:30,3
DA:31,3
DA:32,2
DA:33,1
DA:34,1
DA:36,2
DA:38,1
DA:42,1
DA:43,0
DA:45,0
DA:46,0
DA:48,0
DA:49,0
DA:51,0
DA:52,0
DA:53,0
DA:57,0
DA:60,0
DA:62,0
DA:65,1
DA:66,2
DA:67,2
DA:68,1
DA:70,1
DA:71,1
DA:75,1
DA:76,0
DA:77,0
DA:85,0
DA:87,0
DA:91,1
DA:92,2
DA:93,2
DA:96,0
DA:97,0
DA:99,0
DA:100,0
DA:101,0
DA:104,0
DA:109,0
DA:110,0
DA:116,2
DA:123,1
DA:124,2
DA:125,2
DA:127,0
DA:128,0
DA:134,0
DA:140,2
DA:146,1
DA:147,6
DA:148,6
DA:150,5
DA:151,1
DA:152,1
DA:154,4
DA:158,4
DA:159,4
DA:165,1
LF:71
LH:38
BRDA:32,0,0,1
BRDA:32,0,1,1
BRDA:45,1,0,0
BRDA:45,1,1,0
BRDA:48,2,0,0
BRDA:48,2,1,0
BRDA:51,3,0,0
BRDA:51,3,1,0
BRDA:99,4,0,0
BRDA:99,4,1,0
BRDA:127,5,0,0
BRDA:127,5,1,0
BRDA:150,6,0,1
BRDA:150,6,1,4
BRF:14
BRH:4
end_of_record
TN:
SF:controllers\queries.controller.js
FN:3,(anonymous_0)
FN:16,(anonymous_1)
FNF:2
FNH:2
FNDA:1,(anonymous_0)
FNDA:1,(anonymous_1)
DA:3,1
DA:5,1
DA:10,1
DA:11,1
DA:16,1
DA:18,1
DA:20,1
LF:7
LH:7
BRF:0
BRH:0
end_of_record
TN:
SF:controllers\users.controller.js
FN:5,(anonymous_0)
FN:10,(anonymous_1)
FN:41,(anonymous_2)
FNF:3
FNH:1
FNDA:0,(anonymous_0)
FNDA:1,(anonymous_1)
FNDA:0,(anonymous_2)
DA:5,1
DA:6,0
DA:7,0
DA:10,1
DA:11,1
DA:12,1
DA:13,1
DA:14,1
DA:16,1
DA:17,1
DA:18,1
DA:22,0
DA:28,0
DA:29,0
DA:35,0
DA:36,0
DA:41,1
DA:42,0
DA:43,0
DA:44,0
DA:45,0
DA:46,0
DA:47,0
DA:50,0
DA:51,0
DA:54,0
DA:61,0
DA:64,0
DA:65,0
DA:70,0
DA:71,0
LF:31
LH:10
BRDA:17,0,0,1
BRDA:17,0,1,0
BRDA:46,1,0,0
BRDA:46,1,1,0
BRDA:50,2,0,0
BRDA:50,2,1,0
BRF:6
BRH:1
end_of_record
TN:
SF:docs\swagger.js
FN:29,(anonymous_0)
FN:34,(anonymous_1)
FNF:2
FNH:1
FNDA:1,(anonymous_0)
FNDA:0,(anonymous_1)
DA:4,1
DA:27,1
DA:29,1
DA:31,1
DA:34,1
DA:35,0
DA:36,0
DA:38,1
LF:8
LH:6
BRF:0
BRH:0
end_of_record
TN:
SF:middleware\authentication.js
FN:6,(anonymous_0)
FN:32,(anonymous_1)
FNF:2
FNH:2
FNDA:2,(anonymous_0)
FNDA:2,(anonymous_1)
DA:6,1
DA:7,2
DA:8,2
DA:9,2
DA:10,2
DA:11,1
DA:14,1
DA:15,0
DA:18,1
DA:19,1
DA:27,1
DA:28,1
DA:32,1
DA:34,2
DA:36,2
DA:37,1
DA:42,0
DA:43,0
LF:18
LH:15
BRDA:8,0,0,2
BRDA:8,0,1,0
BRDA:14,1,0,0
BRDA:14,1,1,1
BRDA:36,2,0,1
BRDA:36,2,1,1
BRF:6
BRH:4
end_of_record
TN:
SF:middleware\isBlogValid.js
FN:1,(anonymous_0)
FN:1,(anonymous_1)
FNF:2
FNH:2
FNDA:3,(anonymous_0)
FNDA:1,(anonymous_1)
DA:1,3
DA:2,1
DA:3,1
DA:4,0
DA:6,1
LF:5
LH:4
BRDA:3,0,0,0
BRDA:3,0,1,1
BRF:2
BRH:1
end_of_record
TN:
SF:middleware\isUserValid.js
FN:2,(anonymous_0)
FN:2,(anonymous_1)
FNF:2
FNH:2
FNDA:1,(anonymous_0)
FNDA:1,(anonymous_1)
DA:2,1
DA:4,1
DA:5,1
DA:6,0
DA:8,1
LF:5
LH:4
BRDA:5,0,0,0
BRDA:5,0,1,1
BRF:2
BRH:1
end_of_record
TN:
SF:models\Users.js
FNF:0
FNH:0
DA:3,1
LF:1
LH:1
BRF:0
BRH:0
end_of_record
TN:
SF:models\queries.js
FNF:0
FNH:0
DA:3,1
LF:1
LH:1
BRF:0
BRH:0
end_of_record
TN:
SF:routes\blogs.routes.js
FN:12,(anonymous_0)
FNF:1
FNH:1
FNDA:2,(anonymous_0)
DA:10,1
DA:11,1
DA:12,1
DA:13,2
DA:14,1
DA:16,1
DA:20,1
DA:24,1
DA:25,1
DA:26,1
DA:27,1
DA:28,1
DA:29,1
DA:30,1
DA:31,1
DA:32,1
LF:16
LH:16
BRDA:13,0,0,1
BRDA:13,0,1,1
BRF:2
BRH:2
end_of_record
TN:
SF:routes\queries.routes.js
FNF:0
FNH:0
DA:3,1
DA:6,1
DA:8,1
LF:3
LH:3
BRF:0
BRH:0
end_of_record
TN:
SF:routes\users.routes.js
FNF:0
FNH:0
DA:9,1
DA:10,1
DA:11,1
DA:12,1
LF:4
LH:4
BRF:0
BRH:0
end_of_record
TN:
SF:validations\blog.js
FNF:0
FNH:0
DA:3,1
LF:1
LH:1
BRF:0
BRH:0
end_of_record
TN:
SF:validations\comments.js
FNF:0
FNH:0
DA:3,1
LF:1
LH:1
BRF:0
BRH:0
end_of_record
TN:
SF:validations\user.js
FNF:0
FNH:0
DA:3,1
LF:1
LH:1
BRF:0
BRH:0
end_of_record
